2025-09-28 11:55:53,935 - soundproofing - INFO - Loading solutions from cache...
2025-09-28 11:55:56,506 - soundproofing - INFO - Registered solution genieclipwall_standard with characteristics
2025-09-28 11:55:56,506 - soundproofing - INFO - Registered solution genieclipwall_sp15 with characteristics
2025-09-28 11:55:57,368 - soundproofing - INFO - Registered solution m20wall_standard with characteristics
2025-09-28 11:55:57,371 - soundproofing - INFO - Registered solution m20wall_sp15 with characteristics
2025-09-28 11:55:58,200 - soundproofing - INFO - Registered solution independentwall_standard with characteristics
2025-09-28 11:55:58,203 - soundproofing - INFO - Registered solution independentwall_sp15 with characteristics
2025-09-28 11:55:58,917 - soundproofing - INFO - Registered solution resilientbarwall_standard with characteristics
2025-09-28 11:55:58,920 - soundproofing - INFO - Registered solution resilientbarwall_sp15 with characteristics
2025-09-28 11:56:00,721 - soundproofing - INFO - Registered solution genieclipceiling_sp15 with characteristics
2025-09-28 11:56:03,477 - soundproofing - INFO - Registered solution independentceiling_sp15 with characteristics
2025-09-28 11:56:05,602 - soundproofing - INFO - Loading solutions from cache...
2025-09-28 11:56:06,506 - soundproofing - INFO - Registered solution genieclipwall_standard with characteristics
2025-09-28 11:56:06,510 - soundproofing - INFO - Registered solution genieclipwall_sp15 with characteristics
2025-09-28 11:56:07,243 - soundproofing - INFO - Registered solution m20wall_standard with characteristics
2025-09-28 11:56:07,246 - soundproofing - INFO - Registered solution m20wall_sp15 with characteristics
2025-09-28 11:56:08,019 - soundproofing - INFO - Registered solution independentwall_standard with characteristics
2025-09-28 11:56:08,022 - soundproofing - INFO - Registered solution independentwall_sp15 with characteristics
2025-09-28 11:56:09,733 - soundproofing - INFO - Registered solution resilientbarwall_standard with characteristics
2025-09-28 11:56:09,733 - soundproofing - INFO - Registered solution resilientbarwall_sp15 with characteristics
2025-09-28 11:56:10,613 - soundproofing - INFO - Registered solution genieclipceiling_sp15 with characteristics
2025-09-28 11:56:13,299 - soundproofing - INFO - Registered solution independentceiling_sp15 with characteristics
