2025-07-29 15:42:26,409 - soundproofing - INFO - Loading solutions from cache...
2025-07-29 15:42:27,425 - soundproofing - INFO - Registered solution genieclipwall_standard with characteristics
2025-07-29 15:42:27,427 - soundproofing - INFO - Registered solution genieclipwall_sp15 with characteristics
2025-07-29 15:42:28,200 - soundproofing - INFO - Registered solution m20wall_standard with characteristics
2025-07-29 15:42:28,204 - soundproofing - INFO - Registered solution m20wall_sp15 with characteristics
2025-07-29 15:42:29,088 - soundproofing - INFO - Registered solution independentwall_standard with characteristics
2025-07-29 15:42:29,092 - soundproofing - INFO - Registered solution independentwall_sp15 with characteristics
2025-07-29 15:42:29,943 - soundproofing - INFO - Registered solution resilientbarwall_standard with characteristics
2025-07-29 15:42:29,943 - soundproofing - INFO - Registered solution resilientbarwall_sp15 with characteristics
2025-07-29 15:42:30,910 - soundproofing - INFO - Registered solution genieclipceiling_sp15 with characteristics
2025-07-29 15:42:32,713 - soundproofing - INFO - Registered solution independentceiling_sp15 with characteristics
2025-07-29 15:42:34,474 - soundproofing - INFO - Loading solutions from cache...
2025-07-29 15:42:35,436 - soundproofing - INFO - Registered solution genieclipwall_standard with characteristics
2025-07-29 15:42:35,437 - soundproofing - INFO - Registered solution genieclipwall_sp15 with characteristics
2025-07-29 15:42:36,266 - soundproofing - INFO - Registered solution m20wall_standard with characteristics
2025-07-29 15:42:36,269 - soundproofing - INFO - Registered solution m20wall_sp15 with characteristics
2025-07-29 15:42:37,120 - soundproofing - INFO - Registered solution independentwall_standard with characteristics
2025-07-29 15:42:37,121 - soundproofing - INFO - Registered solution independentwall_sp15 with characteristics
2025-07-29 15:42:37,904 - soundproofing - INFO - Registered solution resilientbarwall_standard with characteristics
2025-07-29 15:42:37,906 - soundproofing - INFO - Registered solution resilientbarwall_sp15 with characteristics
2025-07-29 15:42:38,939 - soundproofing - INFO - Registered solution genieclipceiling_sp15 with characteristics
2025-07-29 15:42:40,687 - soundproofing - INFO - Registered solution independentceiling_sp15 with characteristics
2025-07-29 15:47:44,248 - soundproofing - INFO - Loading solutions from cache...
2025-07-29 15:47:45,246 - soundproofing - INFO - Registered solution genieclipwall_standard with characteristics
2025-07-29 15:47:45,248 - soundproofing - INFO - Registered solution genieclipwall_sp15 with characteristics
2025-07-29 15:47:46,242 - soundproofing - INFO - Registered solution m20wall_standard with characteristics
2025-07-29 15:47:46,245 - soundproofing - INFO - Registered solution m20wall_sp15 with characteristics
2025-07-29 15:47:47,124 - soundproofing - INFO - Registered solution independentwall_standard with characteristics
2025-07-29 15:47:47,126 - soundproofing - INFO - Registered solution independentwall_sp15 with characteristics
2025-07-29 15:47:47,896 - soundproofing - INFO - Registered solution resilientbarwall_standard with characteristics
2025-07-29 15:47:47,898 - soundproofing - INFO - Registered solution resilientbarwall_sp15 with characteristics
2025-07-29 15:47:48,815 - soundproofing - INFO - Registered solution genieclipceiling_sp15 with characteristics
2025-07-29 15:47:50,539 - soundproofing - INFO - Registered solution independentceiling_sp15 with characteristics
2025-07-29 15:55:06,380 - soundproofing - INFO - Loading solutions from cache...
2025-07-29 15:55:07,378 - soundproofing - INFO - Registered solution genieclipwall_standard with characteristics
2025-07-29 15:55:07,380 - soundproofing - INFO - Registered solution genieclipwall_sp15 with characteristics
2025-07-29 15:55:08,136 - soundproofing - INFO - Registered solution m20wall_standard with characteristics
2025-07-29 15:55:08,140 - soundproofing - INFO - Registered solution m20wall_sp15 with characteristics
2025-07-29 15:55:08,991 - soundproofing - INFO - Registered solution independentwall_standard with characteristics
2025-07-29 15:55:08,993 - soundproofing - INFO - Registered solution independentwall_sp15 with characteristics
2025-07-29 15:55:09,854 - soundproofing - INFO - Registered solution resilientbarwall_standard with characteristics
2025-07-29 15:55:09,854 - soundproofing - INFO - Registered solution resilientbarwall_sp15 with characteristics
2025-07-29 15:55:10,744 - soundproofing - INFO - Registered solution genieclipceiling_sp15 with characteristics
2025-07-29 15:55:12,565 - soundproofing - INFO - Registered solution independentceiling_sp15 with characteristics
