2025-07-14 15:43:29,801 - soundproofing - INFO - Loading solutions from cache...
2025-07-14 15:43:31,168 - soundproofing - INFO - Registered solution genieclipwall_standard with characteristics
2025-07-14 15:43:31,169 - soundproofing - INFO - Registered solution genieclipwall_sp15 with characteristics
2025-07-14 15:43:32,171 - soundproofing - INFO - Registered solution m20wall_standard with characteristics
2025-07-14 15:43:32,175 - soundproofing - INFO - Registered solution m20wall_sp15 with characteristics
2025-07-14 15:43:33,255 - soundproofing - INFO - Registered solution independentwall_standard with characteristics
2025-07-14 15:43:33,259 - soundproofing - INFO - Registered solution independentwall_sp15 with characteristics
2025-07-14 15:43:34,314 - soundproofing - INFO - Registered solution resilientbarwall_standard with characteristics
2025-07-14 15:43:34,317 - soundproofing - INFO - Registered solution resilientbarwall_sp15 with characteristics
2025-07-14 15:43:35,429 - soundproofing - INFO - Registered solution genieclipceiling_sp15 with characteristics
2025-07-14 15:43:37,779 - soundproofing - INFO - Registered solution independentceiling_sp15 with characteristics
2025-07-14 15:43:49,107 - soundproofing - INFO - Loading solutions from cache...
2025-07-14 15:43:50,274 - soundproofing - INFO - Registered solution genieclipwall_standard with characteristics
2025-07-14 15:43:50,281 - soundproofing - INFO - Registered solution genieclipwall_sp15 with characteristics
2025-07-14 15:43:51,207 - soundproofing - INFO - Registered solution m20wall_standard with characteristics
2025-07-14 15:43:51,215 - soundproofing - INFO - Registered solution m20wall_sp15 with characteristics
2025-07-14 15:43:52,399 - soundproofing - INFO - Registered solution independentwall_standard with characteristics
2025-07-14 15:43:52,406 - soundproofing - INFO - Registered solution independentwall_sp15 with characteristics
2025-07-14 15:43:53,403 - soundproofing - INFO - Registered solution resilientbarwall_standard with characteristics
2025-07-14 15:43:53,409 - soundproofing - INFO - Registered solution resilientbarwall_sp15 with characteristics
2025-07-14 15:43:54,557 - soundproofing - INFO - Registered solution genieclipceiling_sp15 with characteristics
2025-07-14 15:43:56,744 - soundproofing - INFO - Registered solution independentceiling_sp15 with characteristics
